2020-02-08 13:52:53 [scrapy.core.scraper] ERROR: Error processing {'kind': '货物类',
 'ptype': '中标公告',
 'url': 'http://www.ccgp.gov.cn/cggg/dfgg/zbgg/201912/t20191223_13625534.htm'}
Traceback (most recent call last):
  File "D:\Code\Virtual\CCGP\lib\site-packages\twisted\internet\defer.py", line 654, in _runCallbacks
    current.result = callback(current.result, *args, **kw)
  File "D:\Code\project-python\SpiderCCGP\SpiderCCGP\SpiderCCGP\pipelines.py", line 144, in process_item
    filename_path = txt_path+'/'+ str(item['text_path'])
TypeError: 'NoneType' object is not subscriptable
2020-02-08 13:52:53 [scrapy.core.scraper] ERROR: Error processing {'kind': '货物类',
 'ptype': '中标公告',
 'url': 'http://www.ccgp.gov.cn/cggg/zygg/zbgg/201909/t20190909_12860506.htm'}
Traceback (most recent call last):
  File "D:\Code\Virtual\CCGP\lib\site-packages\twisted\internet\defer.py", line 654, in _runCallbacks
    current.result = callback(current.result, *args, **kw)
  File "D:\Code\project-python\SpiderCCGP\SpiderCCGP\SpiderCCGP\pipelines.py", line 144, in process_item
    filename_path = txt_path+'/'+ str(item['text_path'])
TypeError: 'NoneType' object is not subscriptable
2020-02-08 13:52:53 [scrapy.core.scraper] ERROR: Error processing {'kind': '货物类',
 'ptype': '中标公告',
 'url': 'http://www.ccgp.gov.cn/cggg/zygg/zbgg/201908/t20190826_12757199.htm'}
Traceback (most recent call last):
  File "D:\Code\Virtual\CCGP\lib\site-packages\twisted\internet\defer.py", line 654, in _run    Callbacks
    current.result = callback(current.result, *args, **kw)
  File "D:\Code\project-python\SpiderCCGP\SpiderCCGP\SpiderCCGP\pipelines.py", line 144, in process_item
    filename_path = txt_path+'/'+ str(item['text_path'])
TypeError: 'NoneType' object is not subscriptable
2020-02-08 13:52:54 [scrapy.core.scraper] ERROR: Error processing {'kind': '货物类',
 'ptype': '中标公告',
 'url': 'http://www.ccgp.gov.cn/cggg/zygg/zbgg/201908/t20190826_12757201.htm'}
Traceback (most recent call last):
  File "D:\Code\Virtual\CCGP\lib\site-packages\twisted\internet\defer.py", line 654, in _runCallbacks
    current.result = callback(current.result, *args, **kw)
  File "D:\Code\project-python\SpiderCCGP\SpiderCCGP\SpiderCCGP\pipelines.py", line 144, in process_item
    filename_path = txt_path+'/'+ str(item['text_path'])
TypeError: 'NoneType' object is not subscriptable
2020-02-08 13:52:54 [scrapy.core.scraper] ERROR: Error processing {'kind': '货物类',
 'ptype': '中标公告',
 'url': 'http://www.ccgp.gov.cn/cggg/zygg/zbgg/201908/t20190822_12738200.htm'}
Traceback (most recent call last):
  File "D:\Code\Virtual\CCGP\lib\site-packages\twisted\internet\defer.py", line 654, in _runCallbacks
    current.result = callback(current.result, *args, **kw)
  File "D:\Code\project-python\SpiderCCGP\SpiderCCGP\SpiderCCGP\pipelines.py", line 144, in process_item
    filename_path = txt_path+'/'+ str(item['text_path'])
TypeError: 'NoneType' object is not subscriptable
2020-02-08 13:52:54 [scrapy.core.scraper] ERROR: Error processing {'kind': '货物类',
 'ptype': '中标公告',
 'url': 'http://www.ccgp.gov.cn/cggg/zygg/zbgg/201908/t20190816_12695656.htm'}
Traceback (most recent call last):
  File "D:\Code\Virtual\CCGP\lib\site-packages\twisted\internet\defer.py", line 654, in _runCallbacks
    current.result = callback(current.result, *args, **kw)
  File "D:\Code\project-python\SpiderCCGP\SpiderCCGP\SpiderCCGP\pipelines.py", line 144, in process_item
    filename_path = txt_path+'/'+ str(item['text_path'])
TypeError: 'NoneType' object is not subscriptable
2020-02-08 13:52:54 [scrapy.core.scraper] ERROR: Error processing {'kind': '货物类',
 'ptype': '中标公告',
 'url': 'http://www.ccgp.gov.cn/cggg/dfgg/zbgg/201907/t20190709_12421580.htm'}
Traceback (most recent call last):
  File "D:\Code\Virtual\CCGP\lib\site-packages\twisted\internet\defer.py", line 654, in _runCallbacks
    current.result = callback(current.result, *args, **kw)
  File "D:\Code\project-python\SpiderCCGP\SpiderCCGP\SpiderCCGP\pipelines.py", line 144, in process_item
    filename_path = txt_path+'/'+ str(item['text_path'])
TypeError: 'NoneType' object is not subscriptable
2020-02-08 13:52:54 [scrapy.core.scraper] ERROR: Error processing {'kind': '货物类',
 'ptype': '中标公告',
 'url': 'http://www.ccgp.gov.cn/cggg/dfgg/zbgg/201906/t20190606_12215863.htm'}
Traceback (most recent call last):
  File "D:\Code\Virtual\CCGP\lib\site-packages\twisted\internet\defer.py", line 654, in _runCallbacks
    current.result = callback(current.result, *args, **kw)
  File "D:\Code\project-python\SpiderCCGP\SpiderCCGP\SpiderCCGP\pipelines.py", line 144, in process_item
    filename_path = txt_path+'/'+ str(item['text_path'])
TypeError: 'NoneType' object is not subscriptable
2020-02-08 13:52:54 [scrapy.core.scraper] ERROR: Error processing {'kind': '货物类',
 'ptype': '中标公告',
 'url': 'http://www.ccgp.gov.cn/cggg/dfgg/zbgg/201905/t20190524_12136420.htm'}
Traceback (most recent call last):
  File "D:\Code\Virtual\CCGP\lib\site-packages\twisted\internet\defer.py", line 654, in _runCallbacks
    current.result = callback(current.result, *args, **kw)
  File "D:\Code\project-python\SpiderCCGP\SpiderCCGP\SpiderCCGP\pipelines.py", line 144, in process_item
    filename_path = txt_path+'/'+ str(item['text_path'])
TypeError: 'NoneType' object is not subscriptable
2020-02-08 13:52:54 [scrapy.core.scraper] ERROR: Error processing {'kind': '货物类',
 'ptype': '中标公告',
 'url': 'http://www.ccgp.gov.cn/cggg/dfgg/zbgg/201905/t20190507_12029014.htm'}
Traceback (most recent call last):
  File "D:\Code\Virtual\CCGP\lib\site-packages\twisted\internet\defer.py", line 654, in _runCallbacks
    current.result = callback(current.result, *args, **kw)
  File "D:\Code\project-python\SpiderCCGP\SpiderCCGP\SpiderCCGP\pipelines.py", line 144, in process_item
    filename_path = txt_path+'/'+ str(item['text_path'])
TypeError: 'NoneType' object is not subscriptable
2020-02-08 13:52:54 [scrapy.core.scraper] ERROR: Error processing {'kind': '货物类',
 'ptype': '中标公告',
 'url': 'http://www.ccgp.gov.cn/cggg/dfgg/zbgg/201901/t20190123_11560295.htm'}
Traceback (most recent call last):
  File "D:\Code\Virtual\CCGP\lib\site-packages\twisted\internet\defer.py", line 654, in _runCallbacks
    current.result = callback(current.result, *args, **kw)
  File "D:\Code\project-python\SpiderCCGP\SpiderCCGP\SpiderCCGP\pipelines.py", line 144, in process_item
    filename_path = txt_path+'/'+ str(item['text_path'])
TypeError: 'NoneType' object is not subscriptable
2020-02-08 13:52:56 [scrapy.core.scraper] ERROR: Error processing {'kind': '货物类',
 'ptype': '中标公告',
 'url': 'http://www.ccgp.gov.cn/cggg/zygg/zbgg/201906/t20190627_12344208.htm'}
Traceback (most recent call last):
  File "D:\Code\Virtual\CCGP\lib\site-packages\twisted\internet\defer.py", line 654, in _runCallbacks
    current.result = callback(current.result, *args, **kw)
  File "D:\Code\project-python\SpiderCCGP\SpiderCCGP\SpiderCCGP\pipelines.py", line 144, in process_item
    filename_path = txt_path+'/'+ str(item['text_path'])
TypeError: 'NoneType' object is not subscriptable
2020-02-08 13:52:56 [scrapy.core.scraper] ERROR: Error processing {'kind': '货物类',
 'ptype': '中标公告',
 'url': 'http://www.ccgp.gov.cn/cggg/dfgg/zbgg/201905/t20190531_12179536.htm'}
Traceback (most recent call last):
  File "D:\Code\Virtual\CCGP\lib\site-packages\twisted\internet\defer.py", line 654, in _runCallbacks
    current.result = callback(current.result, *args, **kw)
  File "D:\Code\project-python\SpiderCCGP\SpiderCCGP\SpiderCCGP\pipelines.py", line 144, in process_item
    filename_path = txt_path+'/'+ str(item['text_path'])
TypeError: 'NoneType' object is not subscriptable
2020-02-08 13:52:56 [scrapy.core.scraper] ERROR: Error processing {'kind': '货物类',
 'ptype': '中标公告',
 'url': 'http://www.ccgp.gov.cn/cggg/zygg/zbgg/201905/t20190528_12159727.htm'}
Traceback (most recent call last):
  File "D:\Code\Virtual\CCGP\lib\site-packages\twisted\internet\defer.py", line 654, in _runCallbacks
    current.result = callback(current.result, *args, **kw)
  File "D:\Code\project-python\SpiderCCGP\SpiderCCGP\SpiderCCGP\pipelines.py", line 144, in process_item
    filename_path = txt_path+'/'+ str(item['text_path'])
TypeError: 'NoneType' object is not subscriptable
2020-02-08 13:52:56 [scrapy.core.scraper] ERROR: Error processing {'kind': '货物类',
 'ptype': '中标公告',
 'url': 'http://www.ccgp.gov.cn/cggg/dfgg/zbgg/201905/t20190509_12045573.htm'}
Traceback (most recent call last):
  File "D:\Code\Virtual\CCGP\lib\site-packages\twisted\internet\defer.py", line 654, in _runCallbacks
    current.result = callback(current.result, *args, **kw)
  File "D:\Code\project-python\SpiderCCGP\SpiderCCGP\SpiderCCGP\pipelines.py", line 144, in process_item
    filename_path = txt_path+'/'+ str(item['text_path'])
TypeError: 'NoneType' object is not subscriptable
2020-02-08 13:52:58 [scrapy.core.scraper] ERROR: Spider error processing <GET http://www.ccgp.gov.cn/cggg/dfgg/zbgg/201901/t20190123_11560295.htm> (referer: http://search.ccgp.gov.cn/bxsearch?searchtype=1&page_index=1&bidSort=0&buyerName=&projectId=&pinMu=1&bidType=7&dbselect=bidx&kw=%E4%B8%AD%E5%8D%8E%E5%A5%B3%E5%AD%90%E5%AD%A6%E9%99%A2&start_time=2019%3A01%3A01&end_time=2019%3A12%3A31&timeType=6&displayZone=&zoneId=&pppStatus=0&agentName=)
Traceback (most recent call last):
  File "D:\Code\Virtual\CCGP\lib\site-packages\scrapy\utils\defer.py", line 102, in iter_errback
    yield next(it)
  File "D:\Code\Virtual\CCGP\lib\site-packages\scrapy\core\spidermw.py", line 84, in evaluate_iterable
    for r in iterable:
  File "D:\Code\Virtual\CCGP\lib\site-packages\scrapy\spidermiddlewares\offsite.py", line 29, in process_spider_output
    for x in result:
  File "D:\Code\Virtual\CCGP\lib\site-packages\scrapy\core\spidermw.py", line 84, in evaluate_iterable
    for r in iterable:
  File "D:\Code\Virtual\CCGP\lib\site-packages\scrapy\spidermiddlewares\referer.py", line 339, in <genexpr>
    return (_set_referer(r) for r in result or ())
  File "D:\Code\Virtual\CCGP\lib\site-packages\scrapy\core\spidermw.py", line 84, in evaluate_iterable
    for r in iterable:
  File "D:\Code\Virtual\CCGP\lib\site-packages\scrapy\spidermiddlewares\urllength.py", line 37, in <genexpr>
    return (r for r in result or () if _filter(r))
  File "D:\Code\Virtual\CCGP\lib\site-packages\scrapy\core\spidermw.py", line 84, in evaluate_iterable
    for r in iterable:
  File "D:\Code\Virtual\CCGP\lib\site-packages\scrapy\spidermiddlewares\depth.py", line 58, in <genexpr>
    return (r for r in result or () if _filter(r))
  File "D:\Code\project-python\SpiderCCGP\SpiderCCGP\SpiderCCGP\spiders\ccgp_gov_cn.py", line 133, in parse_detail_7
    item['total_money'] = response.xpath('//*[@id="detail"]/div[2]/div/div[2]/div/div[2]/table/tr[8]/td[2]/text()').extract_first("")
  File "D:\Code\Virtual\CCGP\lib\site-packages\scrapy\item.py", line 98, in __setitem__
    (self.__class__.__name__, key))
KeyError: 'ZBGGItem does not support field: total_money'
2020-02-08 13:52:58 [scrapy.core.scraper] ERROR: Error processing {'kind': '货物类',
 'ptype': '中标公告',
 'url': 'http://www.ccgp.gov.cn/cggg/zygg/zbgg/201905/t20190516_12083735.htm'}
Traceback (most recent call last):
  File "D:\Code\Virtual\CCGP\lib\site-packages\twisted\internet\defer.py", line 654, in _runCallbacks
    current.result = callback(current.result, *args, **kw)
  File "D:\Code\project-python\SpiderCCGP\SpiderCCGP\SpiderCCGP\pipelines.py", line 144, in process_item
    filename_path = txt_path+'/'+ str(item['text_path'])
TypeError: 'NoneType' object is not subscriptable
2020-02-08 13:52:58 [scrapy.core.scraper] ERROR: Error processing {'kind': '货物类',
 'ptype': '中标公告',
 'url': 'http://www.ccgp.gov.cn/cggg/zygg/zbgg/201905/t20190516_12083571.htm'}
Traceback (most recent call last):
  File "D:\Code\Virtual\CCGP\lib\site-packages\twisted\internet\defer.py", line 654, in _runCallbacks
    current.result = callback(current.result, *args, **kw)
  File "D:\Code\project-python\SpiderCCGP\SpiderCCGP\SpiderCCGP\pipelines.py", line 144, in process_item
    filename_path = txt_path+'/'+ str(item['text_path'])
TypeError: 'NoneType' object is not subscriptable
2020-02-08 13:52:58 [scrapy.core.scraper] ERROR: Error processing {'kind': '货物类',
 'ptype': '中标公告',
 'url': 'http://www.ccgp.gov.cn/cggg/zygg/zbgg/201905/t20190515_12080522.htm'}
Traceback (most recent call last):
  File "D:\Code\Virtual\CCGP\lib\site-packages\twisted\internet\defer.py", line 654, in _runCallbacks
    current.result = callback(current.result, *args, **kw)
  File "D:\Code\project-python\SpiderCCGP\SpiderCCGP\SpiderCCGP\pipelines.py", line 144, in process_item
    filename_path = txt_path+'/'+ str(item['text_path'])
TypeError: 'NoneType' object is not subscriptable
2020-02-08 13:52:58 [scrapy.core.scraper] ERROR: Error processing {'kind': '货物类',
 'ptype': '中标公告',
 'url': 'http://www.ccgp.gov.cn/cggg/dfgg/zbgg/201905/t20190513_12066303.htm'}
Traceback (most recent call last):
  File "D:\Code\Virtual\CCGP\lib\site-packages\twisted\internet\defer.py", line 654, in _runCallbacks
    current.result = callback(current.result, *args, **kw)
  File "D:\Code\project-python\SpiderCCGP\SpiderCCGP\SpiderCCGP\pipelines.py", line 144, in process_item
    filename_path = txt_path+'/'+ str(item['text_path'])
TypeError: 'NoneType' object is not subscriptable
2020-02-08 13:52:58 [scrapy.core.scraper] ERROR: Error processing {'kind': '货物类',
 'ptype': '中标公告',
 'url': 'http://www.ccgp.gov.cn/cggg/zygg/zbgg/201905/t20190510_12055404.htm'}
Traceback (most recent call last):
  File "D:\Code\Virtual\CCGP\lib\site-packages\twisted\internet\defer.py", line 654, in _runCallbacks
    current.result = callback(current.result, *args, **kw)
  File "D:\Code\project-python\SpiderCCGP\SpiderCCGP\SpiderCCGP\pipelines.py", line 144, in process_item
    filename_path = txt_path+'/'+ str(item['text_path'])
TypeError: 'NoneType' object is not subscriptable
2020-02-08 13:52:58 [scrapy.core.scraper] ERROR: Error processing {'kind': '货物类',
 'ptype': '中标公告',
 'url': 'http://www.ccgp.gov.cn/cggg/zygg/zbgg/201905/t20190510_12050102.htm'}
Traceback (most recent call last):
  File "D:\Code\Virtual\CCGP\lib\site-packages\twisted\internet\defer.py", line 654, in _runCallbacks
    current.result = callback(current.result, *args, **kw)
  File "D:\Code\project-python\SpiderCCGP\SpiderCCGP\SpiderCCGP\pipelines.py", line 144, in process_item
    filename_path = txt_path+'/'+ str(item['text_path'])
TypeError: 'NoneType' object is not subscriptable
2020-02-08 13:52:58 [scrapy.core.scraper] ERROR: Error processing {'kind': '货物类',
 'ptype': '中标公告',
 'url': 'http://www.ccgp.gov.cn/cggg/zygg/zbgg/201905/t20190509_12045230.htm'}
Traceback (most recent call last):
  File "D:\Code\Virtual\CCGP\lib\site-packages\twisted\internet\defer.py", line 654, in _runCallbacks
    current.result = callback(current.result, *args, **kw)
  File "D:\Code\project-python\SpiderCCGP\SpiderCCGP\SpiderCCGP\pipelines.py", line 144, in process_item
    filename_path = txt_path+'/'+ str(item['text_path'])
TypeError: 'NoneType' object is not subscriptable
2020-02-08 13:52:58 [scrapy.core.scraper] ERROR: Error processing {'kind': '货物类',
 'ptype': '中标公告',
 'url': 'http://www.ccgp.gov.cn/cggg/zygg/zbgg/201905/t20190508_12039139.htm'}
Traceback (most recent call last):
  File "D:\Code\Virtual\CCGP\lib\site-packages\twisted\internet\defer.py", line 654, in _runCallbacks
    current.result = callback(current.result, *args, **kw)
  File "D:\Code\project-python\SpiderCCGP\SpiderCCGP\SpiderCCGP\pipelines.py", line 144, in process_item
    filename_path = txt_path+'/'+ str(item['text_path'])
TypeError: 'NoneType' object is not subscriptable
2020-02-08 13:52:58 [scrapy.core.scraper] ERROR: Error processing {'kind': '货物类',
 'ptype': '中标公告',
 'url': 'http://www.ccgp.gov.cn/cggg/zygg/zbgg/201905/t20190508_12038885.htm'}
Traceback (most recent call last):
  File "D:\Code\Virtual\CCGP\lib\site-packages\twisted\internet\defer.py", line 654, in _runCallbacks
    current.result = callback(current.result, *args, **kw)
  File "D:\Code\project-python\SpiderCCGP\SpiderCCGP\SpiderCCGP\pipelines.py", line 144, in process_item
    filename_path = txt_path+'/'+ str(item['text_path'])
TypeError: 'NoneType' object is not subscriptable
2020-02-08 13:52:58 [scrapy.core.scraper] ERROR: Error processing {'kind': '货物类',
 'ptype': '中标公告',
 'url': 'http://www.ccgp.gov.cn/cggg/zygg/zbgg/201905/t20190508_12037708.htm'}
Traceback (most recent call last):
  File "D:\Code\Virtual\CCGP\lib\site-packages\twisted\internet\defer.py", line 654, in _runCallbacks
    current.result = callback(current.result, *args, **kw)
  File "D:\Code\project-python\SpiderCCGP\SpiderCCGP\SpiderCCGP\pipelines.py", line 144, in process_item
    filename_path = txt_path+'/'+ str(item['text_path'])
TypeError: 'NoneType' object is not subscriptable
2020-02-08 13:52:58 [scrapy.core.scraper] ERROR: Error processing {'kind': '货物类',
 'ptype': '中标公告',
 'url': 'http://www.ccgp.gov.cn/cggg/zygg/zbgg/201904/t20190429_11995521.htm'}
Traceback (most recent call last):
  File "D:\Code\Virtual\CCGP\lib\site-packages\twisted\internet\defer.py", line 654, in _runCallbacks
    current.result = callback(current.result, *args, **kw)
  File "D:\Code\project-python\SpiderCCGP\SpiderCCGP\SpiderCCGP\pipelines.py", line 144, in process_item
    filename_path = txt_path+'/'+ str(item['text_path'])
TypeError: 'NoneType' object is not subscriptable
2020-02-08 13:52:58 [scrapy.core.scraper] ERROR: Error processing {'kind': '货物类',
 'ptype': '中标公告',
 'url': 'http://www.ccgp.gov.cn/cggg/zygg/zbgg/201904/t20190411_11892556.htm'}
Traceback (most recent call last):
  File "D:\Code\Virtual\CCGP\lib\site-packages\twisted\internet\defer.py", line 654, in _runCallbacks
    current.result = callback(current.result, *args, **kw)
  File "D:\Code\project-python\SpiderCCGP\SpiderCCGP\SpiderCCGP\pipelines.py", line 144, in process_item
    filename_path = txt_path+'/'+ str(item['text_path'])
TypeError: 'NoneType' object is not subscriptable
2020-02-08 13:52:58 [scrapy.core.scraper] ERROR: Error processing {'kind': '货物类',
 'ptype': '中标公告',
 'url': 'http://www.ccgp.gov.cn/cggg/dfgg/zbgg/201904/t20190411_11889445.htm'}
Traceback (most recent call last):
  File "D:\Code\Virtual\CCGP\lib\site-packages\twisted\internet\defer.py", line 654, in _runCallbacks
    current.result = callback(current.result, *args, **kw)
  File "D:\Code\project-python\SpiderCCGP\SpiderCCGP\SpiderCCGP\pipelines.py", line 144, in process_item
    filename_path = txt_path+'/'+ str(item['text_path'])
TypeError: 'NoneType' object is not subscriptable
2020-02-08 13:52:58 [scrapy.core.scraper] ERROR: Error processing {'kind': '货物类',
 'ptype': '中标公告',
 'url': 'http://www.ccgp.gov.cn/cggg/dfgg/zbgg/201902/t20190226_11679464.htm'}
Traceback (most recent call last):
  File "D:\Code\Virtual\CCGP\lib\site-packages\twisted\internet\defer.py", line 654, in _runCallbacks
    current.result = callback(current.result, *args, **kw)
  File "D:\Code\project-python\SpiderCCGP\SpiderCCGP\SpiderCCGP\pipelines.py", line 144, in process_item
    filename_path = txt_path+'/'+ str(item['text_path'])
TypeError: 'NoneType' object is not subscriptable
2020-02-08 13:52:58 [scrapy.core.scraper] ERROR: Error processing {'kind': '货物类',
 'ptype': '中标公告',
 'url': 'http://www.ccgp.gov.cn/cggg/dfgg/zbgg/201901/t20190131_11600676.htm'}
Traceback (most recent call last):
  File "D:\Code\Virtual\CCGP\lib\site-packages\twisted\internet\defer.py", line 654, in _runCallbacks
    current.result = callback(current.result, *args, **kw)
  File "D:\Code\project-python\SpiderCCGP\SpiderCCGP\SpiderCCGP\pipelines.py", line 144, in process_item
    filename_path = txt_path+'/'+ str(item['text_path'])
TypeError: 'NoneType' object is not subscriptable
2020-02-08 13:52:59 [scrapy.core.scraper] ERROR: Error processing {'kind': '货物类',
 'ptype': '中标公告',
 'url': 'http://www.ccgp.gov.cn/cggg/dfgg/zbgg/201901/t20190123_11559797.htm'}
Traceback (most recent call last):
  File "D:\Code\Virtual\CCGP\lib\site-packages\twisted\internet\defer.py", line 654, in _runCallbacks
    current.result = callback(current.result, *args, **kw)
  File "D:\Code\project-python\SpiderCCGP\SpiderCCGP\SpiderCCGP\pipelines.py", line 144, in process_item
    filename_path = txt_path+'/'+ str(item['text_path'])
TypeError: 'NoneType' object is not subscriptable
2020-02-08 13:52:59 [scrapy.core.scraper] ERROR: Error processing {'kind': '货物类',
 'ptype': '中标公告',
 'url': 'http://www.ccgp.gov.cn/cggg/zygg/zbgg/201901/t20190122_11553847.htm'}
Traceback (most recent call last):
  File "D:\Code\Virtual\CCGP\lib\site-packages\twisted\internet\defer.py", line 654, in _runCallbacks
    current.result = callback(current.result, *args, **kw)
  File "D:\Code\project-python\SpiderCCGP\SpiderCCGP\SpiderCCGP\pipelines.py", line 144, in process_item
    filename_path = txt_path+'/'+ str(item['text_path'])
TypeError: 'NoneType' object is not subscriptable
2020-02-08 13:53:00 [scrapy.core.scraper] ERROR: Spider error processing <GET http://www.ccgp.gov.cn/cggg/dfgg/zbgg/201905/t20190509_12045573.htm> (referer: http://search.ccgp.gov.cn/bxsearch?searchtype=1&page_index=2&bidSort=0&buyerName=&projectId=&pinMu=1&bidType=7&dbselect=bidx&kw=%E4%B8%AD%E5%9B%BD%E4%BA%BA%E6%B0%91%E5%85%AC%E5%AE%89%E5%A4%A7%E5%AD%A6&start_time=2019%3A01%3A01&end_time=2019%3A12%3A31&timeType=6&displayZone=&zoneId=&pppStatus=0&agentName=)
Traceback (most recent call last):
  File "D:\Code\Virtual\CCGP\lib\site-packages\scrapy\utils\defer.py", line 102, in iter_errback
    yield next(it)
  File "D:\Code\Virtual\CCGP\lib\site-packages\scrapy\core\spidermw.py", line 84, in evaluate_iterable
    for r in iterable:
  File "D:\Code\Virtual\CCGP\lib\site-packages\scrapy\spidermiddlewares\offsite.py", line 29, in process_spider_output
    for x in result:
  File "D:\Code\Virtual\CCGP\lib\site-packages\scrapy\core\spidermw.py", line 84, in evaluate_iterable
    for r in iterable:
  File "D:\Code\Virtual\CCGP\lib\site-packages\scrapy\spidermiddlewares\referer.py", line 339, in <genexpr>
    return (_set_referer(r) for r in result or ())
  File "D:\Code\Virtual\CCGP\lib\site-packages\scrapy\core\spidermw.py", line 84, in evaluate_iterable
    for r in iterable:
  File "D:\Code\Virtual\CCGP\lib\site-packages\scrapy\spidermiddlewares\urllength.py", line 37, in <genexpr>
    return (r for r in result or () if _filter(r))
  File "D:\Code\Virtual\CCGP\lib\site-packages\scrapy\core\spidermw.py", line 84, in evaluate_iterable
    for r in iterable:
  File "D:\Code\Virtual\CCGP\lib\site-packages\scrapy\spidermiddlewares\depth.py", line 58, in <genexpr>
    return (r for r in result or () if _filter(r))
  File "D:\Code\project-python\SpiderCCGP\SpiderCCGP\SpiderCCGP\spiders\ccgp_gov_cn.py", line 133, in parse_detail_7
    item['total_money'] = response.xpath('//*[@id="detail"]/div[2]/div/div[2]/div/div[2]/table/tr[8]/td[2]/text()').extract_first("")
  File "D:\Code\Virtual\CCGP\lib\site-packages\scrapy\item.py", line 98, in __setitem__
    (self.__class__.__name__, key))
KeyError: 'ZBGGItem does not support field: total_money'
2020-02-08 13:53:01 [scrapy.core.scraper] ERROR: Error processing {'kind': '货物类',
 'ptype': '中标公告',
 'url': 'http://www.ccgp.gov.cn/cggg/zygg/zbgg/201912/t20191218_13590585.htm'}
Traceback (most recent call last):
  File "D:\Code\Virtual\CCGP\lib\site-packages\twisted\internet\defer.py", line 654, in _runCallbacks
    current.result = callback(current.result, *args, **kw)
  File "D:\Code\project-python\SpiderCCGP\SpiderCCGP\SpiderCCGP\pipelines.py", line 144, in process_item
    filename_path = txt_path+'/'+ str(item['text_path'])
TypeError: 'NoneType' object is not subscriptable
2020-02-08 13:53:01 [scrapy.core.scraper] ERROR: Error processing {'kind': '货物类',
 'ptype': '中标公告',
 'url': 'http://www.ccgp.gov.cn/cggg/zygg/zbgg/201911/t20191112_13312283.htm'}
Traceback (most recent call last):
  File "D:\Code\Virtual\CCGP\lib\site-packages\twisted\internet\defer.py", line 654, in _runCallbacks
    current.result = callback(current.result, *args, **kw)
  File "D:\Code\project-python\SpiderCCGP\SpiderCCGP\SpiderCCGP\pipelines.py", line 144, in process_item
    filename_path = txt_path+'/'+ str(item['text_path'])
TypeError: 'NoneType' object is not subscriptable
2020-02-08 13:53:01 [scrapy.core.scraper] ERROR: Error processing {'kind': '货物类',
 'ptype': '中标公告',
 'url': 'http://www.ccgp.gov.cn/cggg/zygg/zbgg/201907/t20190729_12555894.htm'}
Traceback (most recent call last):
  File "D:\Code\Virtual\CCGP\lib\site-packages\twisted\internet\defer.py", line 654, in _runCallbacks
    current.result = callback(current.result, *args, **kw)
  File "D:\Code\project-python\SpiderCCGP\SpiderCCGP\SpiderCCGP\pipelines.py", line 144, in process_item
    filename_path = txt_path+'/'+ str(item['text_path'])
TypeError: 'NoneType' object is not subscriptable
2020-02-08 13:53:01 [scrapy.core.scraper] ERROR: Error processing {'kind': '货物类',
 'ptype': '中标公告',
 'url': 'http://www.ccgp.gov.cn/cggg/zygg/zbgg/201907/t20190724_12524713.htm'}
Traceback (most recent call last):
  File "D:\Code\Virtual\CCGP\lib\site-packages\twisted\internet\defer.py", line 654, in _runCallbacks
    current.result = callback(current.result, *args, **kw)
  File "D:\Code\project-python\SpiderCCGP\SpiderCCGP\SpiderCCGP\pipelines.py", line 144, in process_item
    filename_path = txt_path+'/'+ str(item['text_path'])
TypeError: 'NoneType' object is not subscriptable
2020-02-08 13:53:01 [scrapy.core.scraper] ERROR: Error processing {'kind': '货物类',
 'ptype': '中标公告',
 'url': 'http://www.ccgp.gov.cn/cggg/zygg/zbgg/201907/t20190712_12447428.htm'}
Traceback (most recent call last):
  File "D:\Code\Virtual\CCGP\lib\site-packages\twisted\internet\defer.py", line 654, in _runCallbacks
    current.result = callback(current.result, *args, **kw)
  File "D:\Code\project-python\SpiderCCGP\SpiderCCGP\SpiderCCGP\pipelines.py", line 144, in process_item
    filename_path = txt_path+'/'+ str(item['text_path'])
TypeError: 'NoneType' object is not subscriptable
2020-02-08 13:53:01 [scrapy.core.scraper] ERROR: Error processing {'kind': '货物类',
 'ptype': '中标公告',
 'url': 'http://www.ccgp.gov.cn/cggg/zygg/zbgg/201907/t20190712_12444890.htm'}
Traceback (most recent call last):
  File "D:\Code\Virtual\CCGP\lib\site-packages\twisted\internet\defer.py", line 654, in _runCallbacks
    current.result = callback(current.result, *args, **kw)
  File "D:\Code\project-python\SpiderCCGP\SpiderCCGP\SpiderCCGP\pipelines.py", line 144, in process_item
    filename_path = txt_path+'/'+ str(item['text_path'])
TypeError: 'NoneType' object is not subscriptable
2020-02-08 13:53:01 [scrapy.core.scraper] ERROR: Error processing {'kind': '货物类',
 'ptype': '中标公告',
 'url': 'http://www.ccgp.gov.cn/cggg/zygg/zbgg/201907/t20190711_12438060.htm'}
Traceback (most recent call last):
  File "D:\Code\Virtual\CCGP\lib\site-packages\twisted\internet\defer.py", line 654, in _runCallbacks
    current.result = callback(current.result, *args, **kw)
  File "D:\Code\project-python\SpiderCCGP\SpiderCCGP\SpiderCCGP\pipelines.py", line 144, in process_item
    filename_path = txt_path+'/'+ str(item['text_path'])
TypeError: 'NoneType' object is not subscriptable
2020-02-08 13:53:01 [scrapy.core.scraper] ERROR: Error processing {'kind': '货物类',
 'ptype': '中标公告',
 'url': 'http://www.ccgp.gov.cn/cggg/zygg/zbgg/201907/t20190711_12436057.htm'}
Traceback (most recent call last):
  File "D:\Code\Virtual\CCGP\lib\site-packages\twisted\internet\defer.py", line 654, in _runCallbacks
    current.result = callback(current.result, *args, **kw)
  File "D:\Code\project-python\SpiderCCGP\SpiderCCGP\SpiderCCGP\pipelines.py", line 144, in process_item
    filename_path = txt_path+'/'+ str(item['text_path'])
TypeError: 'NoneType' object is not subscriptable
2020-02-08 13:53:01 [scrapy.core.scraper] ERROR: Error processing {'kind': '货物类',
 'ptype': '中标公告',
 'url': 'http://www.ccgp.gov.cn/cggg/zygg/zbgg/201907/t20190711_12435133.htm'}
Traceback (most recent call last):
  File "D:\Code\Virtual\CCGP\lib\site-packages\twisted\internet\defer.py", line 654, in _runCallbacks
    current.result = callback(current.result, *args, **kw)
  File "D:\Code\project-python\SpiderCCGP\SpiderCCGP\SpiderCCGP\pipelines.py", line 144, in process_item
    filename_path = txt_path+'/'+ str(item['text_path'])
TypeError: 'NoneType' object is not subscriptable
2020-02-08 13:53:01 [scrapy.core.scraper] ERROR: Error processing {'kind': '货物类',
 'ptype': '中标公告',
 'url': 'http://www.ccgp.gov.cn/cggg/zygg/zbgg/201907/t20190702_12376179.htm'}
Traceback (most recent call last):
  File "D:\Code\Virtual\CCGP\lib\site-packages\twisted\internet\defer.py", line 654, in _runCallbacks
    current.result = callback(current.result, *args, **kw)
  File "D:\Code\project-python\SpiderCCGP\SpiderCCGP\SpiderCCGP\pipelines.py", line 144, in process_item
    filename_path = txt_path+'/'+ str(item['text_path'])
TypeError: 'NoneType' object is not subscriptable
2020-02-08 13:53:01 [scrapy.core.scraper] ERROR: Error processing {'kind': '货物类',
 'ptype': '中标公告',
 'url': 'http://www.ccgp.gov.cn/cggg/zygg/zbgg/201907/t20190702_12373502.htm'}
Traceback (most recent call last):
  File "D:\Code\Virtual\CCGP\lib\site-packages\twisted\internet\defer.py", line 654, in _runCallbacks
    current.result = callback(current.result, *args, **kw)
  File "D:\Code\project-python\SpiderCCGP\SpiderCCGP\SpiderCCGP\pipelines.py", line 144, in process_item
    filename_path = txt_path+'/'+ str(item['text_path'])
TypeError: 'NoneType' object is not subscriptable
2020-02-08 13:53:01 [scrapy.core.scraper] ERROR: Error processing {'kind': '货物类',
 'ptype': '中标公告',
 'url': 'http://www.ccgp.gov.cn/cggg/zygg/zbgg/201906/t20190625_12329574.htm'}
Traceback (most recent call last):
  File "D:\Code\Virtual\CCGP\lib\site-packages\twisted\internet\defer.py", line 654, in _runCallbacks
    current.result = callback(current.result, *args, **kw)
  File "D:\Code\project-python\SpiderCCGP\SpiderCCGP\SpiderCCGP\pipelines.py", line 144, in process_item
    filename_path = txt_path+'/'+ str(item['text_path'])
TypeError: 'NoneType' object is not subscriptable
2020-02-08 13:53:01 [scrapy.core.scraper] ERROR: Error processing {'kind': '货物类',
 'ptype': '中标公告',
 'url': 'http://www.ccgp.gov.cn/cggg/zygg/zbgg/201906/t20190621_12308971.htm'}
Traceback (most recent call last):
  File "D:\Code\Virtual\CCGP\lib\site-packages\twisted\internet\defer.py", line 654, in _runCallbacks
    current.result = callback(current.result, *args, **kw)
  File "D:\Code\project-python\SpiderCCGP\SpiderCCGP\SpiderCCGP\pipelines.py", line 144, in process_item
    filename_path = txt_path+'/'+ str(item['text_path'])
TypeError: 'NoneType' object is not subscriptable
2020-02-08 13:53:01 [scrapy.core.scraper] ERROR: Error processing {'kind': '货物类',
 'ptype': '中标公告',
 'url': 'http://www.ccgp.gov.cn/cggg/zygg/zbgg/201906/t20190621_12306933.htm'}
Traceback (most recent call last):
  File "D:\Code\Virtual\CCGP\lib\site-packages\twisted\internet\defer.py", line 654, in _runCallbacks
    current.result = callback(current.result, *args, **kw)
  File "D:\Code\project-python\SpiderCCGP\SpiderCCGP\SpiderCCGP\pipelines.py", line 144, in process_item
    filename_path = txt_path+'/'+ str(item['text_path'])
TypeError: 'NoneType' object is not subscriptable
2020-02-08 13:53:03 [scrapy.core.scraper] ERROR: Spider error processing <GET http://www.ccgp.gov.cn/cggg/zygg/zbgg/201905/t20190528_12159727.htm> (referer: http://search.ccgp.gov.cn/bxsearch?searchtype=1&page_index=2&bidSort=0&buyerName=&projectId=&pinMu=1&bidType=7&dbselect=bidx&kw=%E4%B8%AD%E5%9B%BD%E4%BA%BA%E6%B0%91%E5%85%AC%E5%AE%89%E5%A4%A7%E5%AD%A6&start_time=2019%3A01%3A01&end_time=2019%3A12%3A31&timeType=6&displayZone=&zoneId=&pppStatus=0&agentName=)
Traceback (most recent call last):
  File "D:\Code\Virtual\CCGP\lib\site-packages\scrapy\utils\defer.py", line 102, in iter_errback
    yield next(it)
  File "D:\Code\Virtual\CCGP\lib\site-packages\scrapy\core\spidermw.py", line 84, in evaluate_iterable
    for r in iterable:
  File "D:\Code\Virtual\CCGP\lib\site-packages\scrapy\spidermiddlewares\offsite.py", line 29, in process_spider_output
    for x in result:
  File "D:\Code\Virtual\CCGP\lib\site-packages\scrapy\core\spidermw.py", line 84, in evaluate_iterable
    for r in iterable:
  File "D:\Code\Virtual\CCGP\lib\site-packages\scrapy\spidermiddlewares\referer.py", line 339, in <genexpr>
    return (_set_referer(r) for r in result or ())
  File "D:\Code\Virtual\CCGP\lib\site-packages\scrapy\core\spidermw.py", line 84, in evaluate_iterable
    for r in iterable:
  File "D:\Code\Virtual\CCGP\lib\site-packages\scrapy\spidermiddlewares\urllength.py", line 37, in <genexpr>
    return (r for r in result or () if _filter(r))
  File "D:\Code\Virtual\CCGP\lib\site-packages\scrapy\core\spidermw.py", line 84, in evaluate_iterable
    for r in iterable:
  File "D:\Code\Virtual\CCGP\lib\site-packages\scrapy\spidermiddlewares\depth.py", line 58, in <genexpr>
    return (r for r in result or () if _filter(r))
  File "D:\Code\project-python\SpiderCCGP\SpiderCCGP\SpiderCCGP\spiders\ccgp_gov_cn.py", line 133, in parse_detail_7
    item['total_money'] = response.xpath('//*[@id="detail"]/div[2]/div/div[2]/div/div[2]/table/tr[8]/td[2]/text()').extract_first("")
  File "D:\Code\Virtual\CCGP\lib\site-packages\scrapy\item.py", line 98, in __setitem__
    (self.__class__.__name__, key))
KeyError: 'ZBGGItem does not support field: total_money'
2020-02-08 13:53:03 [scrapy.core.scraper] ERROR: Error processing {'kind': '货物类',
 'ptype': '中标公告',
 'url': 'http://www.ccgp.gov.cn/cggg/zygg/zbgg/201905/t20190523_12128018.htm'}
Traceback (most recent call last):
  File "D:\Code\Virtual\CCGP\lib\site-packages\twisted\internet\defer.py", line 654, in _runCallbacks
    current.result = callback(current.result, *args, **kw)
  File "D:\Code\project-python\SpiderCCGP\SpiderCCGP\SpiderCCGP\pipelines.py", line 144, in process_item
    filename_path = txt_path+'/'+ str(item['text_path'])
TypeError: 'NoneType' object is not subscriptable
2020-02-08 13:53:03 [scrapy.core.scraper] ERROR: Error processing {'kind': '货物类',
 'ptype': '中标公告',
 'url': 'http://www.ccgp.gov.cn/cggg/zygg/zbgg/201905/t20190516_12084513.htm'}
Traceback (most recent call last):
  File "D:\Code\Virtual\CCGP\lib\site-packages\twisted\internet\defer.py", line 654, in _runCallbacks
    current.result = callback(current.result, *args, **kw)
  File "D:\Code\project-python\SpiderCCGP\SpiderCCGP\SpiderCCGP\pipelines.py", line 144, in process_item
    filename_path = txt_path+'/'+ str(item['text_path'])
TypeError: 'NoneType' object is not subscriptable
2020-02-08 13:53:03 [scrapy.core.scraper] ERROR: Error processing {'kind': '货物类',
 'ptype': '中标公告',
 'url': 'http://www.ccgp.gov.cn/cggg/zygg/zbgg/201905/t20190507_12029017.htm'}
Traceback (most recent call last):
  File "D:\Code\Virtual\CCGP\lib\site-packages\twisted\internet\defer.py", line 654, in _runCallbacks
    current.result = callback(current.result, *args, **kw)
  File "D:\Code\project-python\SpiderCCGP\SpiderCCGP\SpiderCCGP\pipelines.py", line 144, in process_item
    filename_path = txt_path+'/'+ str(item['text_path'])
TypeError: 'NoneType' object is not subscriptable
2020-02-08 13:53:03 [scrapy.core.scraper] ERROR: Error processing {'kind': '货物类',
 'ptype': '中标公告',
 'url': 'http://www.ccgp.gov.cn/cggg/zygg/zbgg/201904/t20190430_12006793.htm'}
Traceback (most recent call last):
  File "D:\Code\Virtual\CCGP\lib\site-packages\twisted\internet\defer.py", line 654, in _runCallbacks
    current.result = callback(current.result, *args, **kw)
  File "D:\Code\project-python\SpiderCCGP\SpiderCCGP\SpiderCCGP\pipelines.py", line 144, in process_item
    filename_path = txt_path+'/'+ str(item['text_path'])
TypeError: 'NoneType' object is not subscriptable
2020-02-08 13:53:03 [scrapy.core.scraper] ERROR: Error processing {'kind': '货物类',
 'ptype': '中标公告',
 'url': 'http://www.ccgp.gov.cn/cggg/zygg/zbgg/201904/t20190403_11853347.htm'}
Traceback (most recent call last):
  File "D:\Code\Virtual\CCGP\lib\site-packages\twisted\internet\defer.py", line 654, in _runCallbacks
    current.result = callback(current.result, *args, **kw)
  File "D:\Code\project-python\SpiderCCGP\SpiderCCGP\SpiderCCGP\pipelines.py", line 144, in process_item
    filename_path = txt_path+'/'+ str(item['text_path'])
TypeError: 'NoneType' object is not subscriptable
2020-02-08 13:53:04 [scrapy.core.scraper] ERROR: Error processing {'kind': '货物类',
 'ptype': '中标公告',
 'url': 'http://www.ccgp.gov.cn/cggg/zygg/zbgg/201904/t20190403_11852528.htm'}
Traceback (most recent call last):
  File "D:\Code\Virtual\CCGP\lib\site-packages\twisted\internet\defer.py", line 654, in _runCallbacks
    current.result = callback(current.result, *args, **kw)
  File "D:\Code\project-python\SpiderCCGP\SpiderCCGP\SpiderCCGP\pipelines.py", line 144, in process_item
    filename_path = txt_path+'/'+ str(item['text_path'])
TypeError: 'NoneType' object is not subscriptable
2020-02-08 13:53:04 [scrapy.core.scraper] ERROR: Error processing {'kind': '货物类',
 'ptype': '中标公告',
 'url': 'http://www.ccgp.gov.cn/cggg/zygg/zbgg/201903/t20190329_11827621.htm'}
Traceback (most recent call last):
  File "D:\Code\Virtual\CCGP\lib\site-packages\twisted\internet\defer.py", line 654, in _runCallbacks
    current.result = callback(current.result, *args, **kw)
  File "D:\Code\project-python\SpiderCCGP\SpiderCCGP\SpiderCCGP\pipelines.py", line 144, in process_item
    filename_path = txt_path+'/'+ str(item['text_path'])
TypeError: 'NoneType' object is not subscriptable
2020-02-08 13:53:04 [scrapy.core.scraper] ERROR: Error processing {'kind': '货物类',
 'ptype': '中标公告',
 'url': 'http://www.ccgp.gov.cn/cggg/zygg/zbgg/201901/t20190123_11558091.htm'}
Traceback (most recent call last):
  File "D:\Code\Virtual\CCGP\lib\site-packages\twisted\internet\defer.py", line 654, in _runCallbacks
    current.result = callback(current.result, *args, **kw)
  File "D:\Code\project-python\SpiderCCGP\SpiderCCGP\SpiderCCGP\pipelines.py", line 144, in process_item
    filename_path = txt_path+'/'+ str(item['text_path'])
TypeError: 'NoneType' object is not subscriptable
2020-02-08 13:53:04 [scrapy.core.scraper] ERROR: Error processing {'kind': '货物类',
 'ptype': '中标公告',
 'url': 'http://www.ccgp.gov.cn/cggg/zygg/zbgg/201901/t20190117_11531111.htm'}
Traceback (most recent call last):
  File "D:\Code\Virtual\CCGP\lib\site-packages\twisted\internet\defer.py", line 654, in _runCallbacks
    current.result = callback(current.result, *args, **kw)
  File "D:\Code\project-python\SpiderCCGP\SpiderCCGP\SpiderCCGP\pipelines.py", line 144, in process_item
    filename_path = txt_path+'/'+ str(item['text_path'])
TypeError: 'NoneType' object is not subscriptable
2020-02-08 13:53:04 [scrapy.core.scraper] ERROR: Error processing {'kind': '货物类',
 'ptype': '中标公告',
 'url': 'http://www.ccgp.gov.cn/cggg/zygg/zbgg/201901/t20190111_11505165.htm'}
Traceback (most recent call last):
  File "D:\Code\Virtual\CCGP\lib\site-packages\twisted\internet\defer.py", line 654, in _runCallbacks
    current.result = callback(current.result, *args, **kw)
  File "D:\Code\project-python\SpiderCCGP\SpiderCCGP\SpiderCCGP\pipelines.py", line 144, in process_item
    filename_path = txt_path+'/'+ str(item['text_path'])
TypeError: 'NoneType' object is not subscriptable
2020-02-08 13:53:04 [scrapy.core.scraper] ERROR: Error processing {'kind': '货物类',
 'ptype': '中标公告',
 'url': 'http://www.ccgp.gov.cn/cggg/zygg/zbgg/201901/t20190104_11467032.htm'}
Traceback (most recent call last):
  File "D:\Code\Virtual\CCGP\lib\site-packages\twisted\internet\defer.py", line 654, in _runCallbacks
    current.result = callback(current.result, *args, **kw)
  File "D:\Code\project-python\SpiderCCGP\SpiderCCGP\SpiderCCGP\pipelines.py", line 144, in process_item
    filename_path = txt_path+'/'+ str(item['text_path'])
TypeError: 'NoneType' object is not subscriptable
2020-02-08 13:53:05 [scrapy.core.scraper] ERROR: Spider error processing <GET http://www.ccgp.gov.cn/cggg/zygg/zbgg/201901/t20190122_11553847.htm> (referer: http://search.ccgp.gov.cn/bxsearch?searchtype=1&page_index=3&bidSort=0&buyerName=&projectId=&pinMu=1&bidType=7&dbselect=bidx&kw=%E4%B8%AD%E5%9B%BD%E4%BA%BA%E6%B0%91%E5%A4%A7%E5%AD%A6&start_time=2019%3A01%3A01&end_time=2019%3A12%3A31&timeType=6&displayZone=&zoneId=&pppStatus=0&agentName=)
Traceback (most recent call last):
  File "D:\Code\Virtual\CCGP\lib\site-packages\scrapy\utils\defer.py", line 102, in iter_errback
    yield next(it)
  File "D:\Code\Virtual\CCGP\lib\site-packages\scrapy\core\spidermw.py", line 84, in evaluate_iterable
    for r in iterable:
  File "D:\Code\Virtual\CCGP\lib\site-packages\scrapy\spidermiddlewares\offsite.py", line 29, in process_spider_output
    for x in result:
  File "D:\Code\Virtual\CCGP\lib\site-packages\scrapy\core\spidermw.py", line 84, in evaluate_iterable
    for r in iterable:
  File "D:\Code\Virtual\CCGP\lib\site-packages\scrapy\spidermiddlewares\referer.py", line 339, in <genexpr>
    return (_set_referer(r) for r in result or ())
  File "D:\Code\Virtual\CCGP\lib\site-packages\scrapy\core\spidermw.py", line 84, in evaluate_iterable
    for r in iterable:
  File "D:\Code\Virtual\CCGP\lib\site-packages\scrapy\spidermiddlewares\urllength.py", line 37, in <genexpr>
    return (r for r in result or () if _filter(r))
  File "D:\Code\Virtual\CCGP\lib\site-packages\scrapy\core\spidermw.py", line 84, in evaluate_iterable
    for r in iterable:
  File "D:\Code\Virtual\CCGP\lib\site-packages\scrapy\spidermiddlewares\depth.py", line 58, in <genexpr>
    return (r for r in result or () if _filter(r))
  File "D:\Code\project-python\SpiderCCGP\SpiderCCGP\SpiderCCGP\spiders\ccgp_gov_cn.py", line 133, in parse_detail_7
    item['total_money'] = response.xpath('//*[@id="detail"]/div[2]/div/div[2]/div/div[2]/table/tr[8]/td[2]/text()').extract_first("")
  File "D:\Code\Virtual\CCGP\lib\site-packages\scrapy\item.py", line 98, in __setitem__
    (self.__class__.__name__, key))
KeyError: 'ZBGGItem does not support field: total_money'
2020-02-08 13:53:06 [scrapy.core.scraper] ERROR: Error processing {'kind': '货物类',
 'ptype': '中标公告',
 'url': 'http://www.ccgp.gov.cn/cggg/dfgg/zbgg/201906/t20190611_12241523.htm'}
Traceback (most recent call last):
  File "D:\Code\Virtual\CCGP\lib\site-packages\twisted\internet\defer.py", line 654, in _runCallbacks
    current.result = callback(current.result, *args, **kw)
  File "D:\Code\project-python\SpiderCCGP\SpiderCCGP\SpiderCCGP\pipelines.py", line 144, in process_item
    filename_path = txt_path+'/'+ str(item['text_path'])
TypeError: 'NoneType' object is not subscriptable
2020-02-08 13:53:08 [scrapy.core.scraper] ERROR: Spider error processing <GET http://www.ccgp.gov.cn/cggg/dfgg/zbgg/201901/t20190123_11559797.htm> (referer: http://search.ccgp.gov.cn/bxsearch?searchtype=1&page_index=3&bidSort=0&buyerName=&projectId=&pinMu=1&bidType=7&dbselect=bidx&kw=%E4%B8%AD%E5%9B%BD%E4%BA%BA%E6%B0%91%E5%A4%A7%E5%AD%A6&start_time=2019%3A01%3A01&end_time=2019%3A12%3A31&timeType=6&displayZone=&zoneId=&pppStatus=0&agentName=)
Traceback (most recent call last):
  File "D:\Code\Virtual\CCGP\lib\site-packages\scrapy\utils\defer.py", line 102, in iter_errback
    yield next(it)
  File "D:\Code\Virtual\CCGP\lib\site-packages\scrapy\core\spidermw.py", line 84, in evaluate_iterable
    for r in iterable:
  File "D:\Code\Virtual\CCGP\lib\site-packages\scrapy\spidermiddlewares\offsite.py", line 29, in process_spider_output
    for x in result:
  File "D:\Code\Virtual\CCGP\lib\site-packages\scrapy\core\spidermw.py", line 84, in evaluate_iterable
    for r in iterable:
  File "D:\Code\Virtual\CCGP\lib\site-packages\scrapy\spidermiddlewares\referer.py", line 339, in <genexpr>
    return (_set_referer(r) for r in result or ())
  File "D:\Code\Virtual\CCGP\lib\site-packages\scrapy\core\spidermw.py", line 84, in evaluate_iterable
    for r in iterable:
  File "D:\Code\Virtual\CCGP\lib\site-packages\scrapy\spidermiddlewares\urllength.py", line 37, in <genexpr>
    return (r for r in result or () if _filter(r))
  File "D:\Code\Virtual\CCGP\lib\site-packages\scrapy\core\spidermw.py", line 84, in evaluate_iterable
    for r in iterable:
  File "D:\Code\Virtual\CCGP\lib\site-packages\scrapy\spidermiddlewares\depth.py", line 58, in <genexpr>
    return (r for r in result or () if _filter(r))
  File "D:\Code\project-python\SpiderCCGP\SpiderCCGP\SpiderCCGP\spiders\ccgp_gov_cn.py", line 133, in parse_detail_7
    item['total_money'] = response.xpath('//*[@id="detail"]/div[2]/div/div[2]/div/div[2]/table/tr[8]/td[2]/text()').extract_first("")
  File "D:\Code\Virtual\CCGP\lib\site-packages\scrapy\item.py", line 98, in __setitem__
    (self.__class__.__name__, key))
KeyError: 'ZBGGItem does not support field: total_money'
2020-02-08 13:53:08 [scrapy.core.scraper] ERROR: Error processing {'kind': '货物类',
 'ptype': '中标公告',
 'url': 'http://www.ccgp.gov.cn/cggg/dfgg/zbgg/201909/t20190930_13024968.htm'}
Traceback (most recent call last):
  File "D:\Code\Virtual\CCGP\lib\site-packages\twisted\internet\defer.py", line 654, in _runCallbacks
    current.result = callback(current.result, *args, **kw)
  File "D:\Code\project-python\SpiderCCGP\SpiderCCGP\SpiderCCGP\pipelines.py", line 144, in process_item
    filename_path = txt_path+'/'+ str(item['text_path'])
TypeError: 'NoneType' object is not subscriptable
2020-02-08 13:53:08 [scrapy.core.scraper] ERROR: Error processing {'kind': '货物类',
 'ptype': '中标公告',
 'url': 'http://www.ccgp.gov.cn/cggg/dfgg/zbgg/201908/t20190826_12758826.htm'}
Traceback (most recent call last):
  File "D:\Code\Virtual\CCGP\lib\site-packages\twisted\internet\defer.py", line 654, in _runCallbacks
    current.result = callback(current.result, *args, **kw)
  File "D:\Code\project-python\SpiderCCGP\SpiderCCGP\SpiderCCGP\pipelines.py", line 144, in process_item
    filename_path = txt_path+'/'+ str(item['text_path'])
TypeError: 'NoneType' object is not subscriptable
2020-02-08 13:53:08 [scrapy.core.scraper] ERROR: Error processing {'kind': '货物类',
 'ptype': '中标公告',
 'url': 'http://www.ccgp.gov.cn/cggg/dfgg/zbgg/201908/t20190807_12628469.htm'}
Traceback (most recent call last):
  File "D:\Code\Virtual\CCGP\lib\site-packages\twisted\internet\defer.py", line 654, in _runCallbacks
    current.result = callback(current.result, *args, **kw)
  File "D:\Code\project-python\SpiderCCGP\SpiderCCGP\SpiderCCGP\pipelines.py", line 144, in process_item
    filename_path = txt_path+'/'+ str(item['text_path'])
TypeError: 'NoneType' object is not subscriptable
2020-02-08 13:53:08 [scrapy.core.scraper] ERROR: Error processing {'kind': '货物类',
 'ptype': '中标公告',
 'url': 'http://www.ccgp.gov.cn/cggg/dfgg/zbgg/201907/t20190729_12559192.htm'}
Traceback (most recent call last):
  File "D:\Code\Virtual\CCGP\lib\site-packages\twisted\internet\defer.py", line 654, in _runCallbacks
    current.result = callback(current.result, *args, **kw)
  File "D:\Code\project-python\SpiderCCGP\SpiderCCGP\SpiderCCGP\pipelines.py", line 144, in process_item
    filename_path = txt_path+'/'+ str(item['text_path'])
TypeError: 'NoneType' object is not subscriptable
2020-02-08 13:53:08 [scrapy.core.scraper] ERROR: Error processing {'kind': '货物类',
 'ptype': '中标公告',
 'url': 'http://www.ccgp.gov.cn/cggg/zygg/zbgg/201907/t20190725_12533154.htm'}
Traceback (most recent call last):
  File "D:\Code\Virtual\CCGP\lib\site-packages\twisted\internet\defer.py", line 654, in _runCallbacks
    current.result = callback(current.result, *args, **kw)
  File "D:\Code\project-python\SpiderCCGP\SpiderCCGP\SpiderCCGP\pipelines.py", line 144, in process_item
    filename_path = txt_path+'/'+ str(item['text_path'])
TypeError: 'NoneType' object is not subscriptable
2020-02-08 13:53:08 [scrapy.core.scraper] ERROR: Error processing {'kind': '货物类',
 'ptype': '中标公告',
 'url': 'http://www.ccgp.gov.cn/cggg/zygg/zbgg/201907/t20190719_12499522.htm'}
Traceback (most recent call last):
  File "D:\Code\Virtual\CCGP\lib\site-packages\twisted\internet\defer.py", line 654, in _runCallbacks
    current.result = callback(current.result, *args, **kw)
  File "D:\Code\project-python\SpiderCCGP\SpiderCCGP\SpiderCCGP\pipelines.py", line 144, in process_item
    filename_path = txt_path+'/'+ str(item['text_path'])
TypeError: 'NoneType' object is not subscriptable
2020-02-08 13:53:09 [scrapy.core.scraper] ERROR: Error processing {'kind': '货物类',
 'ptype': '中标公告',
 'url': 'http://www.ccgp.gov.cn/cggg/zygg/zbgg/201906/t20190611_12236705.htm'}
Traceback (most recent call last):
  File "D:\Code\Virtual\CCGP\lib\site-packages\twisted\internet\defer.py", line 654, in _runCallbacks
    current.result = callback(current.result, *args, **kw)
  File "D:\Code\project-python\SpiderCCGP\SpiderCCGP\SpiderCCGP\pipelines.py", line 144, in process_item
    filename_path = txt_path+'/'+ str(item['text_path'])
TypeError: 'NoneType' object is not subscriptable
2020-02-08 13:53:09 [scrapy.core.scraper] ERROR: Error processing {'kind': '货物类',
 'ptype': '中标公告',
 'url': 'http://www.ccgp.gov.cn/cggg/zygg/zbgg/201905/t20190529_12168382.htm'}
Traceback (most recent call last):
  File "D:\Code\Virtual\CCGP\lib\site-packages\twisted\internet\defer.py", line 654, in _runCallbacks
    current.result = callback(current.result, *args, **kw)
  File "D:\Code\project-python\SpiderCCGP\SpiderCCGP\SpiderCCGP\pipelines.py", line 144, in process_item
    filename_path = txt_path+'/'+ str(item['text_path'])
TypeError: 'NoneType' object is not subscriptable
2020-02-08 13:53:09 [scrapy.core.scraper] ERROR: Error processing {'kind': '货物类',
 'ptype': '中标公告',
 'url': 'http://www.ccgp.gov.cn/cggg/dfgg/zbgg/201905/t20190521_12113556.htm'}
Traceback (most recent call last):
  File "D:\Code\Virtual\CCGP\lib\site-packages\twisted\internet\defer.py", line 654, in _runCallbacks
    current.result = callback(current.result, *args, **kw)
  File "D:\Code\project-python\SpiderCCGP\SpiderCCGP\SpiderCCGP\pipelines.py", line 144, in process_item
    filename_path = txt_path+'/'+ str(item['text_path'])
TypeError: 'NoneType' object is not subscriptable
2020-02-08 13:53:09 [scrapy.core.scraper] ERROR: Error processing {'kind': '货物类',
 'ptype': '中标公告',
 'url': 'http://www.ccgp.gov.cn/cggg/zygg/zbgg/201905/t20190513_12067152.htm'}
Traceback (most recent call last):
  File "D:\Code\Virtual\CCGP\lib\site-packages\twisted\internet\defer.py", line 654, in _runCallbacks
    current.result = callback(current.result, *args, **kw)
  File "D:\Code\project-python\SpiderCCGP\SpiderCCGP\SpiderCCGP\pipelines.py", line 144, in process_item
    filename_path = txt_path+'/'+ str(item['text_path'])
TypeError: 'NoneType' object is not subscriptable
2020-02-08 13:53:09 [scrapy.core.scraper] ERROR: Error processing {'kind': '货物类',
 'ptype': '中标公告',
 'url': 'http://www.ccgp.gov.cn/cggg/zygg/zbgg/201904/t20190404_11861510.htm'}
Traceback (most recent call last):
  File "D:\Code\Virtual\CCGP\lib\site-packages\twisted\internet\defer.py", line 654, in _runCallbacks
    current.result = callback(current.result, *args, **kw)
  File "D:\Code\project-python\SpiderCCGP\SpiderCCGP\SpiderCCGP\pipelines.py", line 144, in process_item
    filename_path = txt_path+'/'+ str(item['text_path'])
TypeError: 'NoneType' object is not subscriptable
2020-02-08 13:53:09 [scrapy.core.scraper] ERROR: Error processing {'kind': '货物类',
 'ptype': '中标公告',
 'url': 'http://www.ccgp.gov.cn/cggg/zygg/zbgg/201904/t20190404_11861519.htm'}
Traceback (most recent call last):
  File "D:\Code\Virtual\CCGP\lib\site-packages\twisted\internet\defer.py", line 654, in _runCallbacks
    current.result = callback(current.result, *args, **kw)
  File "D:\Code\project-python\SpiderCCGP\SpiderCCGP\SpiderCCGP\pipelines.py", line 144, in process_item
    filename_path = txt_path+'/'+ str(item['text_path'])
TypeError: 'NoneType' object is not subscriptable
2020-02-08 13:53:09 [scrapy.core.scraper] ERROR: Error processing {'kind': '货物类',
 'ptype': '中标公告',
 'url': 'http://www.ccgp.gov.cn/cggg/zygg/zbgg/201904/t20190404_11861514.htm'}
Traceback (most recent call last):
  File "D:\Code\Virtual\CCGP\lib\site-packages\twisted\internet\defer.py", line 654, in _runCallbacks
    current.result = callback(current.result, *args, **kw)
  File "D:\Code\project-python\SpiderCCGP\SpiderCCGP\SpiderCCGP\pipelines.py", line 144, in process_item
    filename_path = txt_path+'/'+ str(item['text_path'])
TypeError: 'NoneType' object is not subscriptable
2020-02-08 13:53:09 [scrapy.core.scraper] ERROR: Error processing {'kind': '货物类',
 'ptype': '中标公告',
 'url': 'http://www.ccgp.gov.cn/cggg/zygg/zbgg/201904/t20190404_11861521.htm'}
Traceback (most recent call last):
  File "D:\Code\Virtual\CCGP\lib\site-packages\twisted\internet\defer.py", line 654, in _runCallbacks
    current.result = callback(current.result, *args, **kw)
  File "D:\Code\project-python\SpiderCCGP\SpiderCCGP\SpiderCCGP\pipelines.py", line 144, in process_item
    filename_path = txt_path+'/'+ str(item['text_path'])
TypeError: 'NoneType' object is not subscriptable
2020-02-08 13:53:09 [scrapy.core.scraper] ERROR: Error processing {'kind': '货物类',
 'ptype': '中标公告',
 'url': 'http://www.ccgp.gov.cn/cggg/zygg/zbgg/201904/t20190404_11861509.htm'}
Traceback (most recent call last):
  File "D:\Code\Virtual\CCGP\lib\site-packages\twisted\internet\defer.py", line 654, in _runCallbacks
    current.result = callback(current.result, *args, **kw)
  File "D:\Code\project-python\SpiderCCGP\SpiderCCGP\SpiderCCGP\pipelines.py", line 144, in process_item
    filename_path = txt_path+'/'+ str(item['text_path'])
TypeError: 'NoneType' object is not subscriptable
2020-02-08 13:53:09 [scrapy.core.scraper] ERROR: Error processing {'kind': '货物类',
 'ptype': '中标公告',
 'url': 'http://www.ccgp.gov.cn/cggg/dfgg/zbgg/201904/t20190403_11854440.htm'}
Traceback (most recent call last):
  File "D:\Code\Virtual\CCGP\lib\site-packages\twisted\internet\defer.py", line 654, in _runCallbacks
    current.result = callback(current.result, *args, **kw)
  File "D:\Code\project-python\SpiderCCGP\SpiderCCGP\SpiderCCGP\pipelines.py", line 144, in process_item
    filename_path = txt_path+'/'+ str(item['text_path'])
TypeError: 'NoneType' object is not subscriptable
2020-02-08 13:53:10 [scrapy.core.scraper] ERROR: Spider error processing <GET http://www.ccgp.gov.cn/cggg/zygg/zbgg/201906/t20190621_12306933.htm> (referer: http://search.ccgp.gov.cn/bxsearch?searchtype=1&page_index=1&bidSort=0&buyerName=&projectId=&pinMu=1&bidType=7&dbselect=bidx&kw=%E4%B8%AD%E5%9B%BD%E4%BC%A0%E5%AA%92%E5%A4%A7%E5%AD%A6&start_time=2019%3A01%3A01&end_time=2019%3A12%3A31&timeType=6&displayZone=&zoneId=&pppStatus=0&agentName=)
Traceback (most recent call last):
  File "D:\Code\Virtual\CCGP\lib\site-packages\scrapy\utils\defer.py", line 102, in iter_errback
    yield next(it)
  File "D:\Code\Virtual\CCGP\lib\site-packages\scrapy\core\spidermw.py", line 84, in evaluate_iterable
    for r in iterable:
  File "D:\Code\Virtual\CCGP\lib\site-packages\scrapy\spidermiddlewares\offsite.py", line 29, in process_spider_output
    for x in result:
  File "D:\Code\Virtual\CCGP\lib\site-packages\scrapy\core\spidermw.py", line 84, in evaluate_iterable
    for r in iterable:
  File "D:\Code\Virtual\CCGP\lib\site-packages\scrapy\spidermiddlewares\referer.py", line 339, in <genexpr>
    return (_set_referer(r) for r in result or ())
  File "D:\Code\Virtual\CCGP\lib\site-packages\scrapy\core\spidermw.py", line 84, in evaluate_iterable
    for r in iterable:
  File "D:\Code\Virtual\CCGP\lib\site-packages\scrapy\spidermiddlewares\urllength.py", line 37, in <genexpr>
    return (r for r in result or () if _filter(r))
  File "D:\Code\Virtual\CCGP\lib\site-packages\scrapy\core\spidermw.py", line 84, in evaluate_iterable
    for r in iterable:
  File "D:\Code\Virtual\CCGP\lib\site-packages\scrapy\spidermiddlewares\depth.py", line 58, in <genexpr>
    return (r for r in result or () if _filter(r))
  File "D:\Code\project-python\SpiderCCGP\SpiderCCGP\SpiderCCGP\spiders\ccgp_gov_cn.py", line 133, in parse_detail_7
    item['total_money'] = response.xpath('//*[@id="detail"]/div[2]/div/div[2]/div/div[2]/table/tr[8]/td[2]/text()').extract_first("")
  File "D:\Code\Virtual\CCGP\lib\site-packages\scrapy\item.py", line 98, in __setitem__
    (self.__class__.__name__, key))
KeyError: 'ZBGGItem does not support field: total_money'
